c:\users\leonw\desktop\c++ project\tutorial\server\server\debug\server.pch
c:\users\leonw\desktop\c++ project\tutorial\server\server\debug\vc141.pdb
c:\users\leonw\desktop\c++ project\tutorial\server\server\debug\vc141.idb
c:\users\leonw\desktop\c++ project\tutorial\server\server\debug\stdafx.obj
c:\users\leonw\desktop\c++ project\tutorial\server\server\debug\server.obj
c:\users\leonw\desktop\c++ project\tutorial\server\debug\server.exe
c:\users\leonw\desktop\c++ project\tutorial\server\debug\server.ilk
c:\users\leonw\desktop\c++ project\tutorial\server\debug\server.pdb
c:\users\leonw\desktop\server\server\debug\server.obj
c:\users\leonw\desktop\server\server\debug\stdafx.obj
c:\users\leonw\desktop\server\server\debug\server.pch
c:\users\leonw\desktop\server\server\debug\vc141.idb
c:\users\leonw\desktop\server\server\debug\vc141.pdb
c:\users\leonw\desktop\server\debug\server.pdb
c:\users\leonw\desktop\server\debug\server.exe
c:\users\leonw\desktop\server\debug\server.ilk
c:\users\leonw\desktop\server\server\debug\server.tlog\cl.command.1.tlog
c:\users\leonw\desktop\server\server\debug\server.tlog\cl.read.1.tlog
c:\users\leonw\desktop\server\server\debug\server.tlog\cl.write.1.tlog
c:\users\leonw\desktop\server\server\debug\server.tlog\link.command.1.tlog
c:\users\leonw\desktop\server\server\debug\server.tlog\link.read.1.tlog
c:\users\leonw\desktop\server\server\debug\server.tlog\link.write.1.tlog
